

Microchip MPLAB XC8 Assembler V2.10 build 88905656 
                                                                                               Wed Jan 29 17:06:15 2020

Microchip MPLAB XC8 C Compiler v2.10 (Free license) build 20190730164152 Og1 
     1                           	processor	18F47K40
     2                           	fnconf	rparam,??,?,0
     3                           	opt	pw 120
     4                           	opt	flic
     5                           	psect	cinit,global,reloc=2,class=CODE,delta=1
     6                           	psect	cstackCOMRAM,global,class=COMRAM,space=1,delta=1,noexec
     7                           	psect	text0,global,reloc=2,class=CODE,delta=1
     8                           	psect	intsave_regs,global,class=BIGRAM,space=1,delta=1,noexec
     9                           	psect	rparam,global,class=COMRAM,space=1,delta=1,noexec
    10  0000                     
    11                           ; Version 2.10
    12                           ; Generated 31/07/2019 GMT
    13                           ; 
    14                           ; Copyright © 2019, Microchip Technology Inc. and its subsidiaries ("Microchip")
    15                           ; All rights reserved.
    16                           ; 
    17                           ; This software is developed by Microchip Technology Inc. and its subsidiaries ("Microch
      +                          ip").
    18                           ; 
    19                           ; Redistribution and use in source and binary forms, with or without modification, are
    20                           ; permitted provided that the following conditions are met:
    21                           ; 
    22                           ;     1. Redistributions of source code must retain the above copyright notice, this lis
      +                          t of
    23                           ;        conditions and the following disclaimer.
    24                           ; 
    25                           ;     2. Redistributions in binary form must reproduce the above copyright notice, this 
      +                          list
    26                           ;        of conditions and the following disclaimer in the documentation and/or other
    27                           ;        materials provided with the distribution.
    28                           ; 
    29                           ;     3. Microchip's name may not be used to endorse or promote products derived from th
      +                          is
    30                           ;        software without specific prior written permission.
    31                           ; 
    32                           ; THIS SOFTWARE IS PROVIDED BY MICROCHIP "AS IS" AND ANY EXPRESS OR IMPLIED WARRANTIES,
    33                           ; INCLUDING, BUT NOT LIMITED TO, THE IMPLIED WARRANTIES OF MERCHANTABILITY AND FITNESS F
      +                          OR
    34                           ; PURPOSE ARE DISCLAIMED.  IN NO EVENT SHALL MICROCHIP BE LIABLE FOR ANY DIRECT, INDIREC
      +                          T,
    35                           ; INCIDENTAL, SPECIAL, EXEMPLARY, OR CONSEQUENTIAL DAMAGES (INCLUDING BUT NOT LIMITED TO
    36                           ; PROCUREMENT OF SUBSTITUTE GOODS OR SERVICES; LOSS OF USE, DATA OR PROFITS; OR BUSINESS
    37                           ; INTERRUPTION) HOWSOEVER CAUSED AND ON ANY THEORY OF LIABILITY, WHETHER IN CONTRACT, ST
      +                          RICT
    38                           ; LIABILITY, OR TORT (INCLUDING NEGLIGENCE OR OTHERWISE) ARISING IN ANY WAY OUT OF THE U
      +                          SE OF
    39                           ; THIS SOFTWARE, EVEN IF ADVISED OF THE POSSIBILITY OF SUCH DAMAGE.
    40                           ; 
    41                           ; 
    42                           ; Code-generator required, PIC18F47K40 Definitions
    43                           ; 
    44                           ; SFR Addresses
    45  0000                     _ANSELB	set	3865
    46  0000                     _LATAbits	set	3971
    47  0000                     _PORTBbits	set	3982
    48  0000                     _TRISB	set	3977
    49  0000                     _PORTA	set	3981
    50  0000                     _TRISA	set	3976
    51                           
    52                           ; #config settings
    53  0000                     
    54                           	psect	cinit
    55  01FF92                     __pcinit:
    56                           	opt callstack 0
    57  01FF92                     start_initialization:
    58                           	opt callstack 0
    59  01FF92                     __initialization:
    60                           	opt callstack 0
    61                           
    62                           ; NVMREG Errata
    63  01FF92                     	if	3969
    64  01FF92  8E81               	bsf	129,7,c
    65  01FF94  9C81               	bcf	129,6,c
    66  01FF96                     	endif
    67  01FF96                     end_of_initialization:
    68                           	opt callstack 0
    69  01FF96                     __end_of__initialization:
    70                           	opt callstack 0
    71  01FF96  0100               	movlb	0
    72  01FF98  EFCE  F0FF         	goto	_main	;jump to C main() function
    73                           
    74                           	psect	cstackCOMRAM
    75  000001                     __pcstackCOMRAM:
    76                           	opt callstack 0
    77  000001                     ??_main:
    78  000001                     
    79                           ; 2 bytes @ 0x0
    80  000001                     	ds	2
    81                           
    82 ;;
    83 ;;Main: autosize = 0, tempsize = 2, incstack = 0, save=0
    84 ;;
    85 ;; *************** function _main *****************
    86 ;; Defined at:
    87 ;;		line 25 in file "uP Part 1.c"
    88 ;; Parameters:    Size  Location     Type
    89 ;;		None
    90 ;; Auto vars:     Size  Location     Type
    91 ;;		None
    92 ;; Return value:  Size  Location     Type
    93 ;;                  2   18[None  ] int 
    94 ;; Registers used:
    95 ;;		wreg, status,2
    96 ;; Tracked objects:
    97 ;;		On entry : 0/0
    98 ;;		On exit  : 0/0
    99 ;;		Unchanged: 0/0
   100 ;; Data sizes:     COMRAM   BANK0   BANK1   BANK2   BANK3   BANK4   BANK5   BANK6   BANK7   BANK8   BANK9  BANK10  BANK1
      +1  BANK12  BANK13  BANK14
   101 ;;      Params:         0       0       0       0       0       0       0       0       0       0       0       0       
      +0       0       0       0
   102 ;;      Locals:         0       0       0       0       0       0       0       0       0       0       0       0       
      +0       0       0       0
   103 ;;      Temps:          2       0       0       0       0       0       0       0       0       0       0       0       
      +0       0       0       0
   104 ;;      Totals:         2       0       0       0       0       0       0       0       0       0       0       0       
      +0       0       0       0
   105 ;;Total ram usage:        2 bytes
   106 ;; This function calls:
   107 ;;		Nothing
   108 ;; This function is called by:
   109 ;;		Startup code after reset
   110 ;; This function uses a non-reentrant model
   111 ;;
   112                           
   113                           	psect	text0
   114  01FF9C                     __ptext0:
   115                           	opt callstack 0
   116  01FF9C                     _main:
   117                           	opt callstack 31
   118  01FF9C                     
   119                           ;uP Part 1.c: 30: 
   120  01FF9C  0E00               	movlw	0
   121  01FF9E  6E88               	movwf	136,c	;volatile
   122                           
   123                           ;uP Part 1.c: 32: 
   124  01FFA0  0E00               	movlw	0
   125  01FFA2  6E8D               	movwf	141,c	;volatile
   126  01FFA4                     
   127                           ;uP Part 1.c: 35: 
   128  01FFA4  6889               	setf	137,c	;volatile
   129                           
   130                           ;uP Part 1.c: 36:     return 0;
   131  01FFA6  0E00               	movlw	0
   132  01FFA8  010F               	movlb	15	; () banked
   133  01FFAA  6F19               	movwf	25,b	;volatile
   134  01FFAC                     l704:
   135  01FFAC  A08E               	btfss	142,0,c	;volatile
   136  01FFAE  EFDB  F0FF         	goto	u11
   137  01FFB2  EFDD  F0FF         	goto	u10
   138  01FFB6                     u11:
   139  01FFB6  EFE9  F0FF         	goto	l710
   140  01FFBA                     u10:
   141  01FFBA  8083               	bsf	131,0,c	;volatile
   142  01FFBC  0E03               	movlw	3
   143  01FFBE  6E02               	movwf	(??_main+1)^0,c
   144  01FFC0  0E8A               	movlw	138
   145  01FFC2  6E01               	movwf	??_main^0,c
   146  01FFC4  0E56               	movlw	86
   147  01FFC6                     u37:
   148  01FFC6  2EE8               	decfsz	wreg,f,c
   149  01FFC8  D7FE               	bra	u37
   150  01FFCA  2E01               	decfsz	??_main^0,f,c
   151  01FFCC  D7FC               	bra	u37
   152  01FFCE  2E02               	decfsz	(??_main+1)^0,f,c
   153  01FFD0  D7FA               	bra	u37
   154  01FFD2                     l710:
   155  01FFD2  A08E               	btfss	142,0,c	;volatile
   156  01FFD4  EFEE  F0FF         	goto	u21
   157  01FFD8  EFF0  F0FF         	goto	u20
   158  01FFDC                     u21:
   159  01FFDC  EFD6  F0FF         	goto	l704
   160  01FFE0                     u20:
   161  01FFE0  9083               	bcf	131,0,c	;volatile
   162  01FFE2  0E03               	movlw	3
   163  01FFE4  6E02               	movwf	(??_main+1)^0,c
   164  01FFE6  0E8A               	movlw	138
   165  01FFE8  6E01               	movwf	??_main^0,c
   166  01FFEA  0E56               	movlw	86
   167  01FFEC                     u47:
   168  01FFEC  2EE8               	decfsz	wreg,f,c
   169  01FFEE  D7FE               	bra	u47
   170  01FFF0  2E01               	decfsz	??_main^0,f,c
   171  01FFF2  D7FC               	bra	u47
   172  01FFF4  2E02               	decfsz	(??_main+1)^0,f,c
   173  01FFF6  D7FA               	bra	u47
   174  01FFF8  EFD6  F0FF         	goto	l704
   175  01FFFC  EF00  F000         	goto	start
   176  020000                     __end_of_main:
   177                           	opt callstack 0
   178  0000                     
   179                           	psect	rparam
   180  0000                     tosu	equ	0xFFF
   181                           tosh	equ	0xFFE
   182                           tosl	equ	0xFFD
   183                           stkptr	equ	0xFFC
   184                           pclatu	equ	0xFFB
   185                           pclath	equ	0xFFA
   186                           pcl	equ	0xFF9
   187                           tblptru	equ	0xFF8
   188                           tblptrh	equ	0xFF7
   189                           tblptrl	equ	0xFF6
   190                           tablat	equ	0xFF5
   191                           prodh	equ	0xFF4
   192                           prodl	equ	0xFF3
   193                           indf0	equ	0xFEF
   194                           postinc0	equ	0xFEE
   195                           postdec0	equ	0xFED
   196                           preinc0	equ	0xFEC
   197                           plusw0	equ	0xFEB
   198                           fsr0h	equ	0xFEA
   199                           fsr0l	equ	0xFE9
   200                           wreg	equ	0xFE8
   201                           indf1	equ	0xFE7
   202                           postinc1	equ	0xFE6
   203                           postdec1	equ	0xFE5
   204                           preinc1	equ	0xFE4
   205                           plusw1	equ	0xFE3
   206                           fsr1h	equ	0xFE2
   207                           fsr1l	equ	0xFE1
   208                           bsr	equ	0xFE0
   209                           indf2	equ	0xFDF
   210                           postinc2	equ	0xFDE
   211                           postdec2	equ	0xFDD
   212                           preinc2	equ	0xFDC
   213                           plusw2	equ	0xFDB
   214                           fsr2h	equ	0xFDA
   215                           fsr2l	equ	0xFD9
   216                           status	equ	0xFD8


Data Sizes:
    Strings     0
    Constant    0
    Data        0
    BSS         0
    Persistent  0
    Stack       0

Auto Spaces:
    Space          Size  Autos    Used
    COMRAM           95      2       2
    BANK0           160      0       0
    BANK1           256      0       0
    BANK2           256      0       0
    BANK3           256      0       0
    BANK4           256      0       0
    BANK5           256      0       0
    BANK6           256      0       0
    BANK7           256      0       0
    BANK8           256      0       0
    BANK9           256      0       0
    BANK10          256      0       0
    BANK11          256      0       0
    BANK12          256      0       0
    BANK13          256      0       0
    BANK14          136      0       0

Pointer List with Targets:

    None.

Critical Paths under _main in COMRAM

    None.

Critical Paths under _main in BANK0

    None.

Critical Paths under _main in BANK1

    None.

Critical Paths under _main in BANK2

    None.

Critical Paths under _main in BANK3

    None.

Critical Paths under _main in BANK4

    None.

Critical Paths under _main in BANK5

    None.

Critical Paths under _main in BANK6

    None.

Critical Paths under _main in BANK7

    None.

Critical Paths under _main in BANK8

    None.

Critical Paths under _main in BANK9

    None.

Critical Paths under _main in BANK10

    None.

Critical Paths under _main in BANK11

    None.

Critical Paths under _main in BANK12

    None.

Critical Paths under _main in BANK13

    None.

Critical Paths under _main in BANK14

    None.

Call Graph Tables:

 ---------------------------------------------------------------------------------
 (Depth) Function   	        Calls       Base Space   Used Autos Params    Refs
 ---------------------------------------------------------------------------------
 (0) _main                                                 2     2      0       0
                                              0 COMRAM     2     2      0
 ---------------------------------------------------------------------------------
 Estimated maximum stack depth 0
 ---------------------------------------------------------------------------------

 Call Graph Graphs:

 _main (ROOT)

 Address spaces:
Name               Size   Autos  Total    Cost      Usage
BITCOMRAM           5F      0       0       0        0.0%
EEDATA             400      0       0       0        0.0%
NULL                 0      0       0       0        0.0%
CODE                 0      0       0       0        0.0%
COMRAM              5F      2       2       1        2.1%
STACK                0      0       0       2        0.0%
DATA                 0      0       0       3        0.0%
BITBANK0            A0      0       0       4        0.0%
BANK0               A0      0       0       5        0.0%
ABS                  0      0       0       6        0.0%
BITBANK1           100      0       0       7        0.0%
BANK1              100      0       0       8        0.0%
BITBANK2           100      0       0       9        0.0%
BANK2              100      0       0      10        0.0%
BITBANK3           100      0       0      11        0.0%
BANK3              100      0       0      12        0.0%
BITBANK4           100      0       0      13        0.0%
BANK4              100      0       0      14        0.0%
BITBANK5           100      0       0      15        0.0%
BANK5              100      0       0      16        0.0%
BITBANK6           100      0       0      17        0.0%
BANK6              100      0       0      18        0.0%
BITBANK7           100      0       0      19        0.0%
BANK7              100      0       0      20        0.0%
BITBANK8           100      0       0      21        0.0%
BANK8              100      0       0      22        0.0%
BITBANK9           100      0       0      23        0.0%
BANK9              100      0       0      24        0.0%
BITBANK10          100      0       0      25        0.0%
BANK10             100      0       0      26        0.0%
BITBANK11          100      0       0      27        0.0%
BANK11             100      0       0      28        0.0%
BITBANK12          100      0       0      29        0.0%
BANK12             100      0       0      30        0.0%
BITBANK13          100      0       0      31        0.0%
BANK13             100      0       0      32        0.0%
BITBANK14           88      0       0      33        0.0%
BANK14              88      0       0      34        0.0%
BIGRAM             E87      0       0      35        0.0%
BITSFR_2             0      0       0     200        0.0%
SFR_2                0      0       0     200        0.0%
BITSFR_1             0      0       0     200        0.0%
SFR_1                0      0       0     200        0.0%
BITSFR               0      0       0     200        0.0%
SFR                  0      0       0     200        0.0%


Microchip Technology PIC18 Macro Assembler V2.10 build 88905656 
Symbol Table                                                                                   Wed Jan 29 17:06:15 2020

                     u10 FFBA                       u11 FFB6                       u20 FFE0  
                     u21 FFDC                       u37 FFC6                       u47 FFEC  
            __CFG_LVP$ON 000000                      l700 FF9C                      l710 FFD2  
                    l702 FFA4                      l712 FFE0                      l704 FFAC  
                    l714 FFE2                      l706 FFBA                      l708 FFBC  
                    wreg 000FE8                     _main FF9C                     start 0000  
           ___param_bank 000000                    ?_main 0001            __CFG_WDTE$OFF 000000  
                  _PORTA 000F8D                    _TRISA 000F88                    _TRISB 000F89  
                  nvmcon 000F81          __initialization FF92             __end_of_main 0000  
                 ??_main 0001            __activetblptr 000000                   _ANSELB 000F19  
             __accesstop 0060  __end_of__initialization FF96            ___rparam_used 000001  
         __pcstackCOMRAM 0001                  __Hparam 0000                  __Lparam 0000  
                __pcinit FF92                  __ramtop 0F00                  __ptext0 FF9C  
   end_of_initialization FF96                _PORTBbits 000F8E      start_initialization FF92  
               _LATAbits 000F83                 __Hrparam 0000                 __Lrparam 0000  
          __size_of_main 0064  
