

Microchip MPLAB XC8 Assembler V2.10 build 88905656 
                                                                                               Sun Feb 09 03:02:31 2020

Microchip MPLAB XC8 C Compiler v2.10 (Free license) build 20190730164152 Og1 
     1                           	processor	18F47K40
     2                           	fnconf	rparam,??,?,0
     3                           	opt	pw 120
     4                           	opt	flic
     5                           	psect	cinit,global,reloc=2,class=CODE,delta=1
     6                           	psect	cstackCOMRAM,global,class=COMRAM,space=1,delta=1,noexec
     7                           	psect	text0,global,reloc=2,class=CODE,delta=1
     8                           	psect	intsave_regs,global,class=BIGRAM,space=1,delta=1,noexec
     9                           	psect	rparam,global,class=COMRAM,space=1,delta=1,noexec
    10  0000                     
    11                           ; Version 2.10
    12                           ; Generated 31/07/2019 GMT
    13                           ; 
    14                           ; Copyright © 2019, Microchip Technology Inc. and its subsidiaries ("Microchip")
    15                           ; All rights reserved.
    16                           ; 
    17                           ; This software is developed by Microchip Technology Inc. and its subsidiaries ("Microch
      +                          ip").
    18                           ; 
    19                           ; Redistribution and use in source and binary forms, with or without modification, are
    20                           ; permitted provided that the following conditions are met:
    21                           ; 
    22                           ;     1. Redistributions of source code must retain the above copyright notice, this lis
      +                          t of
    23                           ;        conditions and the following disclaimer.
    24                           ; 
    25                           ;     2. Redistributions in binary form must reproduce the above copyright notice, this 
      +                          list
    26                           ;        of conditions and the following disclaimer in the documentation and/or other
    27                           ;        materials provided with the distribution.
    28                           ; 
    29                           ;     3. Microchip's name may not be used to endorse or promote products derived from th
      +                          is
    30                           ;        software without specific prior written permission.
    31                           ; 
    32                           ; THIS SOFTWARE IS PROVIDED BY MICROCHIP "AS IS" AND ANY EXPRESS OR IMPLIED WARRANTIES,
    33                           ; INCLUDING, BUT NOT LIMITED TO, THE IMPLIED WARRANTIES OF MERCHANTABILITY AND FITNESS F
      +                          OR
    34                           ; PURPOSE ARE DISCLAIMED.  IN NO EVENT SHALL MICROCHIP BE LIABLE FOR ANY DIRECT, INDIREC
      +                          T,
    35                           ; INCIDENTAL, SPECIAL, EXEMPLARY, OR CONSEQUENTIAL DAMAGES (INCLUDING BUT NOT LIMITED TO
    36                           ; PROCUREMENT OF SUBSTITUTE GOODS OR SERVICES; LOSS OF USE, DATA OR PROFITS; OR BUSINESS
    37                           ; INTERRUPTION) HOWSOEVER CAUSED AND ON ANY THEORY OF LIABILITY, WHETHER IN CONTRACT, ST
      +                          RICT
    38                           ; LIABILITY, OR TORT (INCLUDING NEGLIGENCE OR OTHERWISE) ARISING IN ANY WAY OUT OF THE U
      +                          SE OF
    39                           ; THIS SOFTWARE, EVEN IF ADVISED OF THE POSSIBILITY OF SUCH DAMAGE.
    40                           ; 
    41                           ; 
    42                           ; Code-generator required, PIC18F47K40 Definitions
    43                           ; 
    44                           ; SFR Addresses
    45  0000                     _ANSELB	set	3865
    46  0000                     _LATAbits	set	3971
    47  0000                     _PORTBbits	set	3982
    48  0000                     _TRISB	set	3977
    49  0000                     _PORTA	set	3981
    50  0000                     _TRISA	set	3976
    51                           
    52                           ; #config settings
    53  0000                     
    54                           	psect	cinit
    55  01FF62                     __pcinit:
    56                           	opt callstack 0
    57  01FF62                     start_initialization:
    58                           	opt callstack 0
    59  01FF62                     __initialization:
    60                           	opt callstack 0
    61                           
    62                           ; NVMREG Errata
    63  01FF62                     	if	3969
    64  01FF62  8E81               	bsf	129,7,c
    65  01FF64  9C81               	bcf	129,6,c
    66  01FF66                     	endif
    67  01FF66                     end_of_initialization:
    68                           	opt callstack 0
    69  01FF66                     __end_of__initialization:
    70                           	opt callstack 0
    71  01FF66  0100               	movlb	0
    72  01FF68  EFB6  F0FF         	goto	_main	;jump to C main() function
    73                           
    74                           	psect	cstackCOMRAM
    75  000001                     __pcstackCOMRAM:
    76                           	opt callstack 0
    77  000001                     ??_main:
    78  000001                     
    79                           ; 2 bytes @ 0x0
    80  000001                     	ds	2
    81                           
    82 ;;
    83 ;;Main: autosize = 0, tempsize = 2, incstack = 0, save=0
    84 ;;
    85 ;; *************** function _main *****************
    86 ;; Defined at:
    87 ;;		line 27 in file "uP Part 1.c"
    88 ;; Parameters:    Size  Location     Type
    89 ;;		None
    90 ;; Auto vars:     Size  Location     Type
    91 ;;		None
    92 ;; Return value:  Size  Location     Type
    93 ;;                  2   18[None  ] int 
    94 ;; Registers used:
    95 ;;		wreg, status,2
    96 ;; Tracked objects:
    97 ;;		On entry : 0/0
    98 ;;		On exit  : 0/0
    99 ;;		Unchanged: 0/0
   100 ;; Data sizes:     COMRAM   BANK0   BANK1   BANK2   BANK3   BANK4   BANK5   BANK6   BANK7   BANK8   BANK9  BANK10  BANK1
      +1  BANK12  BANK13  BANK14
   101 ;;      Params:         0       0       0       0       0       0       0       0       0       0       0       0       
      +0       0       0       0
   102 ;;      Locals:         0       0       0       0       0       0       0       0       0       0       0       0       
      +0       0       0       0
   103 ;;      Temps:          2       0       0       0       0       0       0       0       0       0       0       0       
      +0       0       0       0
   104 ;;      Totals:         2       0       0       0       0       0       0       0       0       0       0       0       
      +0       0       0       0
   105 ;;Total ram usage:        2 bytes
   106 ;; This function calls:
   107 ;;		Nothing
   108 ;; This function is called by:
   109 ;;		Startup code after reset
   110 ;; This function uses a non-reentrant model
   111 ;;
   112                           
   113                           	psect	text0
   114  01FF6C                     __ptext0:
   115                           	opt callstack 0
   116  01FF6C                     _main:
   117                           	opt callstack 31
   118  01FF6C                     
   119                           ;uP Part 1.c: 29:     TRISA = 0x0;
   120  01FF6C  0E00               	movlw	0
   121  01FF6E  6E88               	movwf	136,c	;volatile
   122                           
   123                           ;uP Part 1.c: 31:     PORTA = 0;
   124  01FF70  0E00               	movlw	0
   125  01FF72  6E8D               	movwf	141,c	;volatile
   126  01FF74                     
   127                           ;uP Part 1.c: 34:     TRISB = 0xFF;
   128  01FF74  6889               	setf	137,c	;volatile
   129                           
   130                           ;uP Part 1.c: 36:     ANSELB = 0x0;
   131  01FF76  0E00               	movlw	0
   132  01FF78  010F               	movlb	15	; () banked
   133  01FF7A  6F19               	movwf	25,b	;volatile
   134  01FF7C                     l706:
   135                           
   136                           ;uP Part 1.c: 46:         if(PORTBbits.RB0==1){
   137  01FF7C  A08E               	btfss	142,0,c	;volatile
   138  01FF7E  EFC3  F0FF         	goto	u11
   139  01FF82  EFC5  F0FF         	goto	u10
   140  01FF86                     u11:
   141  01FF86  EFD1  F0FF         	goto	l712
   142  01FF8A                     u10:
   143  01FF8A                     
   144                           ;uP Part 1.c: 48:             LATAbits.LATA0=1;
   145  01FF8A  8083               	bsf	131,0,c	;volatile
   146  01FF8C                     
   147                           ;uP Part 1.c: 49:             _delay((unsigned long)((250)*(4000000/4000.0)));
   148  01FF8C  0E02               	movlw	2
   149  01FF8E  6E02               	movwf	(??_main+1)^0,c
   150  01FF90  0E45               	movlw	69
   151  01FF92  6E01               	movwf	??_main^0,c
   152  01FF94  0EAA               	movlw	170
   153  01FF96                     u57:
   154  01FF96  2EE8               	decfsz	wreg,f,c
   155  01FF98  D7FE               	bra	u57
   156  01FF9A  2E01               	decfsz	??_main^0,f,c
   157  01FF9C  D7FC               	bra	u57
   158  01FF9E  2E02               	decfsz	(??_main+1)^0,f,c
   159  01FFA0  D7FA               	bra	u57
   160  01FFA2                     l712:
   161                           
   162                           ;uP Part 1.c: 53:         if(PORTBbits.RB0==1){
   163  01FFA2  A08E               	btfss	142,0,c	;volatile
   164  01FFA4  EFD6  F0FF         	goto	u21
   165  01FFA8  EFD8  F0FF         	goto	u20
   166  01FFAC                     u21:
   167  01FFAC  EFE4  F0FF         	goto	l718
   168  01FFB0                     u20:
   169  01FFB0                     
   170                           ;uP Part 1.c: 55:             LATAbits.LATA0=0;
   171  01FFB0  9083               	bcf	131,0,c	;volatile
   172  01FFB2                     
   173                           ;uP Part 1.c: 56:             _delay((unsigned long)((250)*(4000000/4000.0)));
   174  01FFB2  0E02               	movlw	2
   175  01FFB4  6E02               	movwf	(??_main+1)^0,c
   176  01FFB6  0E45               	movlw	69
   177  01FFB8  6E01               	movwf	??_main^0,c
   178  01FFBA  0EAA               	movlw	170
   179  01FFBC                     u67:
   180  01FFBC  2EE8               	decfsz	wreg,f,c
   181  01FFBE  D7FE               	bra	u67
   182  01FFC0  2E01               	decfsz	??_main^0,f,c
   183  01FFC2  D7FC               	bra	u67
   184  01FFC4  2E02               	decfsz	(??_main+1)^0,f,c
   185  01FFC6  D7FA               	bra	u67
   186  01FFC8                     l718:
   187                           
   188                           ;uP Part 1.c: 64:         if(PORTBbits.RB0==0){
   189  01FFC8  B08E               	btfsc	142,0,c	;volatile
   190  01FFCA  EFE9  F0FF         	goto	u31
   191  01FFCE  EFEB  F0FF         	goto	u30
   192  01FFD2                     u31:
   193  01FFD2  EFF0  F0FF         	goto	l724
   194  01FFD6                     u30:
   195  01FFD6                     
   196                           ;uP Part 1.c: 66:             LATAbits.LATA1 =1;
   197  01FFD6  8283               	bsf	131,1,c	;volatile
   198  01FFD8                     
   199                           ;uP Part 1.c: 67:             _delay((unsigned long)((0.25)*(4000000/4000.0)));
   200  01FFD8  0E53               	movlw	83
   201  01FFDA                     u77:
   202  01FFDA  2EE8               	decfsz	wreg,f,c
   203  01FFDC  D7FE               	bra	u77
   204  01FFDE  F000               	nop	
   205  01FFE0                     l724:
   206                           
   207                           ;uP Part 1.c: 71:         if(PORTBbits.RB0==0){
   208  01FFE0  B08E               	btfsc	142,0,c	;volatile
   209  01FFE2  EFF5  F0FF         	goto	u41
   210  01FFE6  EFF7  F0FF         	goto	u40
   211  01FFEA                     u41:
   212  01FFEA  EFBE  F0FF         	goto	l706
   213  01FFEE                     u40:
   214  01FFEE                     
   215                           ;uP Part 1.c: 73:             LATAbits.LATA1=0;
   216  01FFEE  9283               	bcf	131,1,c	;volatile
   217  01FFF0                     
   218                           ;uP Part 1.c: 74:             _delay((unsigned long)((0.25)*(4000000/4000.0)));
   219  01FFF0  0E53               	movlw	83
   220  01FFF2                     u87:
   221  01FFF2  2EE8               	decfsz	wreg,f,c
   222  01FFF4  D7FE               	bra	u87
   223  01FFF6  F000               	nop	
   224  01FFF8  EFBE  F0FF         	goto	l706
   225  01FFFC  EF00  F000         	goto	start
   226  020000                     __end_of_main:
   227                           	opt callstack 0
   228  0000                     
   229                           	psect	rparam
   230  0000                     tosu	equ	0xFFF
   231                           tosh	equ	0xFFE
   232                           tosl	equ	0xFFD
   233                           stkptr	equ	0xFFC
   234                           pclatu	equ	0xFFB
   235                           pclath	equ	0xFFA
   236                           pcl	equ	0xFF9
   237                           tblptru	equ	0xFF8
   238                           tblptrh	equ	0xFF7
   239                           tblptrl	equ	0xFF6
   240                           tablat	equ	0xFF5
   241                           prodh	equ	0xFF4
   242                           prodl	equ	0xFF3
   243                           indf0	equ	0xFEF
   244                           postinc0	equ	0xFEE
   245                           postdec0	equ	0xFED
   246                           preinc0	equ	0xFEC
   247                           plusw0	equ	0xFEB
   248                           fsr0h	equ	0xFEA
   249                           fsr0l	equ	0xFE9
   250                           wreg	equ	0xFE8
   251                           indf1	equ	0xFE7
   252                           postinc1	equ	0xFE6
   253                           postdec1	equ	0xFE5
   254                           preinc1	equ	0xFE4
   255                           plusw1	equ	0xFE3
   256                           fsr1h	equ	0xFE2
   257                           fsr1l	equ	0xFE1
   258                           bsr	equ	0xFE0
   259                           indf2	equ	0xFDF
   260                           postinc2	equ	0xFDE
   261                           postdec2	equ	0xFDD
   262                           preinc2	equ	0xFDC
   263                           plusw2	equ	0xFDB
   264                           fsr2h	equ	0xFDA
   265                           fsr2l	equ	0xFD9
   266                           status	equ	0xFD8


Data Sizes:
    Strings     0
    Constant    0
    Data        0
    BSS         0
    Persistent  0
    Stack       0

Auto Spaces:
    Space          Size  Autos    Used
    COMRAM           95      2       2
    BANK0           160      0       0
    BANK1           256      0       0
    BANK2           256      0       0
    BANK3           256      0       0
    BANK4           256      0       0
    BANK5           256      0       0
    BANK6           256      0       0
    BANK7           256      0       0
    BANK8           256      0       0
    BANK9           256      0       0
    BANK10          256      0       0
    BANK11          256      0       0
    BANK12          256      0       0
    BANK13          256      0       0
    BANK14          136      0       0

Pointer List with Targets:

    None.

Critical Paths under _main in COMRAM

    None.

Critical Paths under _main in BANK0

    None.

Critical Paths under _main in BANK1

    None.

Critical Paths under _main in BANK2

    None.

Critical Paths under _main in BANK3

    None.

Critical Paths under _main in BANK4

    None.

Critical Paths under _main in BANK5

    None.

Critical Paths under _main in BANK6

    None.

Critical Paths under _main in BANK7

    None.

Critical Paths under _main in BANK8

    None.

Critical Paths under _main in BANK9

    None.

Critical Paths under _main in BANK10

    None.

Critical Paths under _main in BANK11

    None.

Critical Paths under _main in BANK12

    None.

Critical Paths under _main in BANK13

    None.

Critical Paths under _main in BANK14

    None.

Call Graph Tables:

 ---------------------------------------------------------------------------------
 (Depth) Function   	        Calls       Base Space   Used Autos Params    Refs
 ---------------------------------------------------------------------------------
 (0) _main                                                 2     2      0       0
                                              0 COMRAM     2     2      0
 ---------------------------------------------------------------------------------
 Estimated maximum stack depth 0
 ---------------------------------------------------------------------------------

 Call Graph Graphs:

 _main (ROOT)

 Address spaces:
Name               Size   Autos  Total    Cost      Usage
BITCOMRAM           5F      0       0       0        0.0%
EEDATA             400      0       0       0        0.0%
NULL                 0      0       0       0        0.0%
CODE                 0      0       0       0        0.0%
COMRAM              5F      2       2       1        2.1%
STACK                0      0       0       2        0.0%
DATA                 0      0       0       3        0.0%
BITBANK0            A0      0       0       4        0.0%
BANK0               A0      0       0       5        0.0%
ABS                  0      0       0       6        0.0%
BITBANK1           100      0       0       7        0.0%
BANK1              100      0       0       8        0.0%
BITBANK2           100      0       0       9        0.0%
BANK2              100      0       0      10        0.0%
BITBANK3           100      0       0      11        0.0%
BANK3              100      0       0      12        0.0%
BITBANK4           100      0       0      13        0.0%
BANK4              100      0       0      14        0.0%
BITBANK5           100      0       0      15        0.0%
BANK5              100      0       0      16        0.0%
BITBANK6           100      0       0      17        0.0%
BANK6              100      0       0      18        0.0%
BITBANK7           100      0       0      19        0.0%
BANK7              100      0       0      20        0.0%
BITBANK8           100      0       0      21        0.0%
BANK8              100      0       0      22        0.0%
BITBANK9           100      0       0      23        0.0%
BANK9              100      0       0      24        0.0%
BITBANK10          100      0       0      25        0.0%
BANK10             100      0       0      26        0.0%
BITBANK11          100      0       0      27        0.0%
BANK11             100      0       0      28        0.0%
BITBANK12          100      0       0      29        0.0%
BANK12             100      0       0      30        0.0%
BITBANK13          100      0       0      31        0.0%
BANK13             100      0       0      32        0.0%
BITBANK14           88      0       0      33        0.0%
BANK14              88      0       0      34        0.0%
BIGRAM             E87      0       0      35        0.0%
BITSFR_2             0      0       0     200        0.0%
SFR_2                0      0       0     200        0.0%
BITSFR_1             0      0       0     200        0.0%
SFR_1                0      0       0     200        0.0%
BITSFR               0      0       0     200        0.0%
SFR                  0      0       0     200        0.0%


Microchip Technology PIC18 Macro Assembler V2.10 build 88905656 
Symbol Table                                                                                   Sun Feb 09 03:02:31 2020

                     u10 FF8A                       u11 FF86                       u20 FFB0  
                     u21 FFAC                       u30 FFD6                       u31 FFD2  
                     u40 FFEE                       u41 FFEA                       u57 FF96  
                     u67 FFBC                       u77 FFDA                       u87 FFF2  
            __CFG_LVP$ON 000000                      l710 FF8C                      l702 FF6C  
                    l720 FFD6                      l712 FFA2                      l704 FF74  
                    l722 FFD8                      l714 FFB0                      l706 FF7C  
                    l724 FFE0                      l716 FFB2                      l708 FF8A  
                    l726 FFEE                      l718 FFC8                      l728 FFF0  
                    wreg 000FE8                     _main FF6C                     start 0000  
           ___param_bank 000000                    ?_main 0001            __CFG_WDTE$OFF 000000  
                  _PORTA 000F8D                    _TRISA 000F88                    _TRISB 000F89  
                  nvmcon 000F81          __initialization FF62             __end_of_main 0000  
                 ??_main 0001            __activetblptr 000000                   _ANSELB 000F19  
             __accesstop 0060  __end_of__initialization FF66            ___rparam_used 000001  
         __pcstackCOMRAM 0001                  __Hparam 0000                  __Lparam 0000  
                __pcinit FF62                  __ramtop 0F00                  __ptext0 FF6C  
   end_of_initialization FF66                _PORTBbits 000F8E      start_initialization FF62  
               _LATAbits 000F83                 __Hrparam 0000                 __Lrparam 0000  
          __size_of_main 0094  
